SF:C:\Users\mgerm\SistemaGestaoPedidos\src\SistemaGestaoPedidos.Core\Entidades\Cliente.cs
FN:10,System.Guid SistemaGestaoPedidos.Core.Entidades.Cliente::get_Id()
FNDA:9,System.Guid SistemaGestaoPedidos.Core.Entidades.Cliente::get_Id()
DA:11,9
FN:11,System.String SistemaGestaoPedidos.Core.Entidades.Cliente::get_Nome()
FNDA:9,System.String SistemaGestaoPedidos.Core.Entidades.Cliente::get_Nome()
DA:12,9
FN:12,System.String SistemaGestaoPedidos.Core.Entidades.Cliente::get_Email()
FNDA:9,System.String SistemaGestaoPedidos.Core.Entidades.Cliente::get_Email()
DA:13,9
FN:14,System.Void SistemaGestaoPedidos.Core.Entidades.Cliente::.ctor(System.String,System.String)
FNDA:9,System.Void SistemaGestaoPedidos.Core.Entidades.Cliente::.ctor(System.String,System.String)
DA:15,9
DA:16,9
DA:17,9
DA:18,9
DA:19,9
DA:20,9
LF:9
LH:9
BRF:0
BRH:0
FNF:4
FNH:4
end_of_record
SF:C:\Users\mgerm\SistemaGestaoPedidos\src\SistemaGestaoPedidos.Core\Entidades\ItemPedido.cs
FN:10,System.Guid SistemaGestaoPedidos.Core.Entidades.ItemPedido::get_Id()
FNDA:15,System.Guid SistemaGestaoPedidos.Core.Entidades.ItemPedido::get_Id()
DA:11,15
FN:11,System.String SistemaGestaoPedidos.Core.Entidades.ItemPedido::get_Nome()
FNDA:13,System.String SistemaGestaoPedidos.Core.Entidades.ItemPedido::get_Nome()
DA:12,13
FN:12,System.Decimal SistemaGestaoPedidos.Core.Entidades.ItemPedido::get_PrecoUnitario()
FNDA:16,System.Decimal SistemaGestaoPedidos.Core.Entidades.ItemPedido::get_PrecoUnitario()
DA:13,16
FN:13,System.Int32 SistemaGestaoPedidos.Core.Entidades.ItemPedido::get_Quantidade()
FNDA:25,System.Int32 SistemaGestaoPedidos.Core.Entidades.ItemPedido::get_Quantidade()
DA:14,25
FN:26,System.Decimal SistemaGestaoPedidos.Core.Entidades.ItemPedido::get_ValorTotal()
FNDA:1,System.Decimal SistemaGestaoPedidos.Core.Entidades.ItemPedido::get_ValorTotal()
DA:27,1
FN:15,System.Void SistemaGestaoPedidos.Core.Entidades.ItemPedido::.ctor(System.String,System.Decimal,System.Int32)
FNDA:14,System.Void SistemaGestaoPedidos.Core.Entidades.ItemPedido::.ctor(System.String,System.Decimal,System.Int32)
DA:16,14
DA:17,14
DA:18,14
DA:19,1
DA:21,13
DA:22,13
DA:23,13
DA:24,13
DA:25,13
BRDA:18,17,0,1
BRDA:18,17,1,13
LF:14
LH:14
BRF:2
BRH:2
FNF:6
FNH:6
end_of_record
SF:C:\Users\mgerm\SistemaGestaoPedidos\src\SistemaGestaoPedidos.Core\Entidades\Pedidos.cs
FN:10,System.Guid SistemaGestaoPedidos.Core.Entidades.Pedidos::get_Id()
FNDA:9,System.Guid SistemaGestaoPedidos.Core.Entidades.Pedidos::get_Id()
DA:11,9
FN:11,SistemaGestaoPedidos.Core.Entidades.Cliente SistemaGestaoPedidos.Core.Entidades.Pedidos::get_Cliente()
FNDA:9,SistemaGestaoPedidos.Core.Entidades.Cliente SistemaGestaoPedidos.Core.Entidades.Pedidos::get_Cliente()
DA:12,9
FN:12,System.Collections.Generic.List`1<SistemaGestaoPedidos.Core.Entidades.ItemPedido> SistemaGestaoPedidos.Core.Entidades.Pedidos::get_Itens()
FNDA:24,System.Collections.Generic.List`1<SistemaGestaoPedidos.Core.Entidades.ItemPedido> SistemaGestaoPedidos.Core.Entidades.Pedidos::get_Itens()
DA:13,24
FN:13,SistemaGestaoPedidos.Core.Entidades.StatusPedido SistemaGestaoPedidos.Core.Entidades.Pedidos::get_Status()
FNDA:28,SistemaGestaoPedidos.Core.Entidades.StatusPedido SistemaGestaoPedidos.Core.Entidades.Pedidos::get_Status()
DA:14,28
FN:24,System.Void SistemaGestaoPedidos.Core.Entidades.Pedidos::AdicionarItem(SistemaGestaoPedidos.Core.Entidades.ItemPedido)
FNDA:10,System.Void SistemaGestaoPedidos.Core.Entidades.Pedidos::AdicionarItem(SistemaGestaoPedidos.Core.Entidades.ItemPedido)
DA:25,10
DA:26,10
DA:27,1
DA:29,9
DA:30,0
DA:32,9
DA:33,9
BRDA:26,12,0,1
BRDA:26,12,1,9
BRDA:29,39,0,0
BRDA:29,39,1,9
FN:35,System.Void SistemaGestaoPedidos.Core.Entidades.Pedidos::ConfirmarPedido()
FNDA:4,System.Void SistemaGestaoPedidos.Core.Entidades.Pedidos::ConfirmarPedido()
DA:36,4
DA:37,4
DA:38,1
DA:40,3
DA:41,3
BRDA:37,17,0,1
BRDA:37,17,1,3
FN:43,System.Void SistemaGestaoPedidos.Core.Entidades.Pedidos::CancelarPedido()
FNDA:2,System.Void SistemaGestaoPedidos.Core.Entidades.Pedidos::CancelarPedido()
DA:44,2
DA:45,2
DA:46,1
DA:48,1
DA:49,1
BRDA:45,12,0,1
BRDA:45,12,1,1
FN:51,System.Decimal SistemaGestaoPedidos.Core.Entidades.Pedidos::get_ValorTotal()
FNDA:3,System.Decimal SistemaGestaoPedidos.Core.Entidades.Pedidos::get_ValorTotal()
DA:52,3
FN:15,System.Void SistemaGestaoPedidos.Core.Entidades.Pedidos::.ctor(SistemaGestaoPedidos.Core.Entidades.Cliente)
FNDA:9,System.Void SistemaGestaoPedidos.Core.Entidades.Pedidos::.ctor(SistemaGestaoPedidos.Core.Entidades.Cliente)
DA:16,9
DA:17,9
DA:18,9
DA:19,9
DA:20,9
DA:21,9
DA:22,9
BRDA:19,23,0,0
BRDA:19,23,1,9
LF:29
LH:28
BRF:10
BRH:8
FNF:9
FNH:9
end_of_record